<?xml version="1.0" encoding="UTF-8"?>
<!-- Generated by org.testng.reporters.JUnitReportReporter -->
<testsuite hostname="Ashutoshs-Air" failures="0" tests="2" name="myTest.AnnotationConcept" time="0.007" errors="0" timestamp="06 Apr 2022 19:17:05 GMT" skipped="0">
  <testcase classname="myTest.AnnotationConcept" name="userInfoTest" time="0.002"/>
  <testcase classname="myTest.AnnotationConcept" name="accountInfoTest" time="0.005"/>
</testsuite> <!-- myTest.AnnotationConcept -->
