<?xml version="1.0" encoding="UTF-8"?>
<!-- Generated by org.testng.reporters.JUnitReportReporter -->
<testsuite hostname="Ashutoshs-Air" failures="0" tests="3" name="myTest.DependsOnMethodConcept" time="0.011" errors="0" timestamp="07 Apr 2022 18:49:44 GMT" skipped="0">
  <testcase classname="myTest.DependsOnMethodConcept" name="loginTest" time="0.008"/>
  <testcase classname="myTest.DependsOnMethodConcept" name="homePageTest" time="0.002"/>
  <testcase classname="myTest.DependsOnMethodConcept" name="searchTest" time="0.001"/>
</testsuite> <!-- myTest.DependsOnMethodConcept -->
