<?xml version="1.0" encoding="UTF-8"?>
<!-- Generated by org.testng.reporters.JUnitReportReporter -->
<testsuite hostname="Ashutoshs-Air" failures="0" tests="2" name="AppTest.OpenCartTest" time="2.123" errors="0" timestamp="07 Apr 2022 19:42:32 GMT" skipped="0">
  <testcase classname="AppTest.OpenCartTest" name="registerLinkTest" time="2.113"/>
  <testcase classname="AppTest.OpenCartTest" name="urlTest" time="0.010"/>
</testsuite> <!-- AppTest.OpenCartTest -->
