<?xml version="1.0" encoding="UTF-8"?>
<!-- Generated by org.testng.reporters.JUnitReportReporter -->
<testsuite hostname="Ashutoshs-Air" failures="0" tests="2" name="AppTest.OrangeHRMTest" time="9.721" errors="0" timestamp="07 Apr 2022 19:42:32 GMT" skipped="0">
  <testcase classname="AppTest.OrangeHRMTest" name="contactSalesTest" time="9.712"/>
  <testcase classname="AppTest.OrangeHRMTest" name="urlTest" time="0.009"/>
</testsuite> <!-- AppTest.OrangeHRMTest -->
